<?xml version="1.0" encoding="UTF-8" standalone="no"?>
<testsuite failures="0" name="cucumber.runtime.formatter.JUnitFormatter" skipped="0" tests="2" time="73.213628">
    <testcase classname="Application Login" name="Home page default Login" time="60.188162">
        <system-out>
            <![CDATA[Given User is on Home page..................................................passed
]]>
        </system-out>
    </testcase>
    <testcase classname="Application Login" name="Home page default Login 2" time="13.025466">
        <system-out>
            <![CDATA[Given User is on Home page..................................................passed
]]>
        </system-out>
    </testcase>
</testsuite>
